<?xml version="1.0" encoding="UTF-8" ?>
<testsuite tests="2" failures="0" name="pt.ulisboa.tecnico.sdis.id.ws.RequestAuthenticationTest" time="0.094" errors="2" skipped="0">
  <properties>
[...]
</properties>
  <testcase classname="pt.ulisboa.tecnico.sdis.id.ws.RequestAuthenticationTest" name="testReqAuthNonExisting" time="0.059">
    <error message="Unexpected exception, expected&lt;pt.ulisboa.tecnico.sdis.id.ws.AuthReqFailed_Exception&gt; but was&lt;com.sun.xml.ws.fault.ServerSOAPFaultException&gt;" type="java.lang.Exception">java.lang.Exception: Unexpected exception, expected&lt;pt.ulisboa.tecnico.sdis.id.ws.AuthReqFailed_Exception&gt; but was&lt;com.sun.xml.ws.fault.ServerSOAPFaultException&gt;
	at org.junit.internal.runners.statements.ExpectException.evaluate(ExpectException.java:28)
	at org.junit.internal.runners.statements.RunBefores.evaluate(RunBefores.java:26)
	at org.junit.internal.runners.statements.RunAfters.evaluate(RunAfters.java:27)
	at org.junit.runners.ParentRunner.runLeaf(ParentRunner.java:325)
	at org.junit.runners.BlockJUnit4ClassRunner.runChild(BlockJUnit4ClassRunner.java:78)
	at org.junit.runners.BlockJUnit4ClassRunner.runChild(BlockJUnit4ClassRunner.java:57)
	at org.junit.runners.ParentRunner$3.run(ParentRunner.java:290)
	at org.junit.runners.ParentRunner$1.schedule(ParentRunner.java:71)
	at org.junit.runners.ParentRunner.runChildren(ParentRunner.java:288)
	at org.junit.runners.ParentRunner.access$000(ParentRunner.java:58)
	at org.junit.runners.ParentRunner$2.evaluate(ParentRunner.java:268)
	at org.junit.internal.runners.statements.RunBefores.evaluate(RunBefores.java:26)
	at org.junit.internal.runners.statements.RunAfters.evaluate(RunAfters.java:27)
	at org.junit.runners.ParentRunner.run(ParentRunner.java:363)
	at org.apache.maven.surefire.junit4.JUnit4Provider.execute(JUnit4Provider.java:252)
	at org.apache.maven.surefire.junit4.JUnit4Provider.executeTestSet(JUnit4Provider.java:141)
	at org.apache.maven.surefire.junit4.JUnit4Provider.invoke(JUnit4Provider.java:112)
	at sun.reflect.NativeMethodAccessorImpl.invoke0(Native Method)
	at sun.reflect.NativeMethodAccessorImpl.invoke(NativeMethodAccessorImpl.java:62)
	at sun.reflect.DelegatingMethodAccessorImpl.invoke(DelegatingMethodAccessorImpl.java:43)
	at java.lang.reflect.Method.invoke(Method.java:483)
	at org.apache.maven.surefire.util.ReflectionUtils.invokeMethodWithArray(ReflectionUtils.java:189)
	at org.apache.maven.surefire.booter.ProviderFactory$ProviderProxy.invoke(ProviderFactory.java:165)
	at org.apache.maven.surefire.booter.ProviderFactory.invokeProvider(ProviderFactory.java:85)
	at org.apache.maven.surefire.booter.ForkedBooter.runSuitesInProcess(ForkedBooter.java:115)
	at org.apache.maven.surefire.booter.ForkedBooter.main(ForkedBooter.java:75)
Caused by: com.sun.xml.ws.fault.ServerSOAPFaultException: Client received SOAP Fault from server: 6 &gt; 5 Please see the server log to find more detail regarding exact cause of the failure.
	at com.sun.xml.ws.fault.SOAP11Fault.getProtocolException(SOAP11Fault.java:193)
	at com.sun.xml.ws.fault.SOAPFaultBuilder.createException(SOAPFaultBuilder.java:131)
	at com.sun.xml.ws.client.sei.StubHandler.readResponse(StubHandler.java:253)
	at com.sun.xml.ws.db.DatabindingImpl.deserializeResponse(DatabindingImpl.java:203)
	at com.sun.xml.ws.db.DatabindingImpl.deserializeResponse(DatabindingImpl.java:290)
	at com.sun.xml.ws.client.sei.SyncMethodHandler.invoke(SyncMethodHandler.java:119)
	at com.sun.xml.ws.client.sei.SyncMethodHandler.invoke(SyncMethodHandler.java:92)
	at com.sun.xml.ws.client.sei.SEIStub.invoke(SEIStub.java:161)
	at com.sun.proxy.$Proxy49.requestAuthentication(Unknown Source)
	at pt.ulisboa.tecnico.sdis.id.ws.RequestAuthenticationTest.testReqAuthNonExisting(RequestAuthenticationTest.java:85)
	at sun.reflect.NativeMethodAccessorImpl.invoke0(Native Method)
	at sun.reflect.NativeMethodAccessorImpl.invoke(NativeMethodAccessorImpl.java:62)
	at sun.reflect.DelegatingMethodAccessorImpl.invoke(DelegatingMethodAccessorImpl.java:43)
	at java.lang.reflect.Method.invoke(Method.java:483)
	at org.junit.runners.model.FrameworkMethod$1.runReflectiveCall(FrameworkMethod.java:50)
	at org.junit.internal.runners.model.ReflectiveCallable.run(ReflectiveCallable.java:12)
	at org.junit.runners.model.FrameworkMethod.invokeExplosively(FrameworkMethod.java:47)
	at org.junit.internal.runners.statements.InvokeMethod.evaluate(InvokeMethod.java:17)
	at org.junit.internal.runners.statements.ExpectException.evaluate(ExpectException.java:19)
	... 25 more
</error>
    <system-out>RelayClientHandler received &apos;null&apos;
RelayClientHandler put token &apos;null,client-handler&apos; on request message header
Outbound SOAP message:
&lt;S:Envelope xmlns:S=&quot;http://schemas.xmlsoap.org/soap/envelope/&quot; xmlns:SOAP-ENV=&quot;http://schemas.xmlsoap.org/soap/envelope/&quot;&gt;&lt;SOAP-ENV:Header/&gt;&lt;S:Body&gt;&lt;ns2:requestAuthentication xmlns:ns2=&quot;urn:pt:ulisboa:tecnico:sdis:id:ws&quot;&gt;&lt;userId&gt;basankdnsdjnakdjnkasjdn&lt;/userId&gt;&lt;reserved&gt;RGRkZDQ=&lt;/reserved&gt;&lt;/ns2:requestAuthentication&gt;&lt;/S:Body&gt;&lt;/S:Envelope&gt;
Inbound SOAP message:
&lt;S:Envelope xmlns:S=&quot;http://schemas.xmlsoap.org/soap/envelope/&quot; xmlns:SOAP-ENV=&quot;http://schemas.xmlsoap.org/soap/envelope/&quot;&gt;&lt;SOAP-ENV:Header/&gt;&lt;S:Body&gt;&lt;S:Fault xmlns:ns4=&quot;http://www.w3.org/2003/05/soap-envelope&quot;&gt;&lt;faultcode&gt;S:Server&lt;/faultcode&gt;&lt;faultstring&gt;6 &amp;gt; 5&lt;/faultstring&gt;&lt;/S:Fault&gt;&lt;/S:Body&gt;&lt;/S:Envelope&gt;
</system-out>
  </testcase>
  <testcase classname="pt.ulisboa.tecnico.sdis.id.ws.RequestAuthenticationTest" name="testReqAuthWrongPass" time="0.035">
    <error message="Unexpected exception, expected&lt;pt.ulisboa.tecnico.sdis.id.ws.AuthReqFailed_Exception&gt; but was&lt;com.sun.xml.ws.fault.ServerSOAPFaultException&gt;" type="java.lang.Exception">java.lang.Exception: Unexpected exception, expected&lt;pt.ulisboa.tecnico.sdis.id.ws.AuthReqFailed_Exception&gt; but was&lt;com.sun.xml.ws.fault.ServerSOAPFaultException&gt;
	at org.junit.internal.runners.statements.ExpectException.evaluate(ExpectException.java:28)
	at org.junit.internal.runners.statements.RunBefores.evaluate(RunBefores.java:26)
	at org.junit.internal.runners.statements.RunAfters.evaluate(RunAfters.java:27)
	at org.junit.runners.ParentRunner.runLeaf(ParentRunner.java:325)
	at org.junit.runners.BlockJUnit4ClassRunner.runChild(BlockJUnit4ClassRunner.java:78)
	at org.junit.runners.BlockJUnit4ClassRunner.runChild(BlockJUnit4ClassRunner.java:57)
	at org.junit.runners.ParentRunner$3.run(ParentRunner.java:290)
	at org.junit.runners.ParentRunner$1.schedule(ParentRunner.java:71)
	at org.junit.runners.ParentRunner.runChildren(ParentRunner.java:288)
	at org.junit.runners.ParentRunner.access$000(ParentRunner.java:58)
	at org.junit.runners.ParentRunner$2.evaluate(ParentRunner.java:268)
	at org.junit.internal.runners.statements.RunBefores.evaluate(RunBefores.java:26)
	at org.junit.internal.runners.statements.RunAfters.evaluate(RunAfters.java:27)
	at org.junit.runners.ParentRunner.run(ParentRunner.java:363)
	at org.apache.maven.surefire.junit4.JUnit4Provider.execute(JUnit4Provider.java:252)
	at org.apache.maven.surefire.junit4.JUnit4Provider.executeTestSet(JUnit4Provider.java:141)
	at org.apache.maven.surefire.junit4.JUnit4Provider.invoke(JUnit4Provider.java:112)
	at sun.reflect.NativeMethodAccessorImpl.invoke0(Native Method)
	at sun.reflect.NativeMethodAccessorImpl.invoke(NativeMethodAccessorImpl.java:62)
	at sun.reflect.DelegatingMethodAccessorImpl.invoke(DelegatingMethodAccessorImpl.java:43)
	at java.lang.reflect.Method.invoke(Method.java:483)
	at org.apache.maven.surefire.util.ReflectionUtils.invokeMethodWithArray(ReflectionUtils.java:189)
	at org.apache.maven.surefire.booter.ProviderFactory$ProviderProxy.invoke(ProviderFactory.java:165)
	at org.apache.maven.surefire.booter.ProviderFactory.invokeProvider(ProviderFactory.java:85)
	at org.apache.maven.surefire.booter.ForkedBooter.runSuitesInProcess(ForkedBooter.java:115)
	at org.apache.maven.surefire.booter.ForkedBooter.main(ForkedBooter.java:75)
Caused by: com.sun.xml.ws.fault.ServerSOAPFaultException: Client received SOAP Fault from server: java.nio.BufferUnderflowException Please see the server log to find more detail regarding exact cause of the failure.
	at com.sun.xml.ws.fault.SOAP11Fault.getProtocolException(SOAP11Fault.java:193)
	at com.sun.xml.ws.fault.SOAPFaultBuilder.createException(SOAPFaultBuilder.java:131)
	at com.sun.xml.ws.client.sei.StubHandler.readResponse(StubHandler.java:253)
	at com.sun.xml.ws.db.DatabindingImpl.deserializeResponse(DatabindingImpl.java:203)
	at com.sun.xml.ws.db.DatabindingImpl.deserializeResponse(DatabindingImpl.java:290)
	at com.sun.xml.ws.client.sei.SyncMethodHandler.invoke(SyncMethodHandler.java:119)
	at com.sun.xml.ws.client.sei.SyncMethodHandler.invoke(SyncMethodHandler.java:92)
	at com.sun.xml.ws.client.sei.SEIStub.invoke(SEIStub.java:161)
	at com.sun.proxy.$Proxy49.requestAuthentication(Unknown Source)
	at pt.ulisboa.tecnico.sdis.id.ws.RequestAuthenticationTest.testReqAuthWrongPass(RequestAuthenticationTest.java:95)
	at sun.reflect.NativeMethodAccessorImpl.invoke0(Native Method)
	at sun.reflect.NativeMethodAccessorImpl.invoke(NativeMethodAccessorImpl.java:62)
	at sun.reflect.DelegatingMethodAccessorImpl.invoke(DelegatingMethodAccessorImpl.java:43)
	at java.lang.reflect.Method.invoke(Method.java:483)
	at org.junit.runners.model.FrameworkMethod$1.runReflectiveCall(FrameworkMethod.java:50)
	at org.junit.internal.runners.model.ReflectiveCallable.run(ReflectiveCallable.java:12)
	at org.junit.runners.model.FrameworkMethod.invokeExplosively(FrameworkMethod.java:47)
	at org.junit.internal.runners.statements.InvokeMethod.evaluate(InvokeMethod.java:17)
	at org.junit.internal.runners.statements.ExpectException.evaluate(ExpectException.java:19)
	... 25 more
</error>
    <system-out>RelayClientHandler received &apos;null&apos;
RelayClientHandler put token &apos;null,client-handler&apos; on request message header
Outbound SOAP message:
&lt;S:Envelope xmlns:S=&quot;http://schemas.xmlsoap.org/soap/envelope/&quot; xmlns:SOAP-ENV=&quot;http://schemas.xmlsoap.org/soap/envelope/&quot;&gt;&lt;SOAP-ENV:Header/&gt;&lt;S:Body&gt;&lt;ns2:createUser xmlns:ns2=&quot;urn:pt:ulisboa:tecnico:sdis:id:ws&quot;&gt;&lt;userId&gt;whatusayintome&lt;/userId&gt;&lt;emailAddress&gt;asdsamdjasmdasmdkjas@kdmfjkmaskdjmaskdm&lt;/emailAddress&gt;&lt;/ns2:createUser&gt;&lt;/S:Body&gt;&lt;/S:Envelope&gt;
Inbound SOAP message:
&lt;S:Envelope xmlns:S=&quot;http://schemas.xmlsoap.org/soap/envelope/&quot; xmlns:SOAP-ENV=&quot;http://schemas.xmlsoap.org/soap/envelope/&quot;&gt;&lt;SOAP-ENV:Header/&gt;&lt;S:Body&gt;&lt;ns2:createUserResponse xmlns:ns2=&quot;urn:pt:ulisboa:tecnico:sdis:id:ws&quot;/&gt;&lt;/S:Body&gt;&lt;/S:Envelope&gt;
Header element myResponseHeader not found.
RelayClientHandler received &apos;null&apos;
RelayClientHandler put token &apos;null,client-handler&apos; on request message header
Outbound SOAP message:
&lt;S:Envelope xmlns:S=&quot;http://schemas.xmlsoap.org/soap/envelope/&quot; xmlns:SOAP-ENV=&quot;http://schemas.xmlsoap.org/soap/envelope/&quot;&gt;&lt;SOAP-ENV:Header/&gt;&lt;S:Body&gt;&lt;ns2:requestAuthentication xmlns:ns2=&quot;urn:pt:ulisboa:tecnico:sdis:id:ws&quot;&gt;&lt;userId&gt;whatusayintome&lt;/userId&gt;&lt;reserved&gt;R0dHR0dhNQ==&lt;/reserved&gt;&lt;/ns2:requestAuthentication&gt;&lt;/S:Body&gt;&lt;/S:Envelope&gt;
Inbound SOAP message:
&lt;S:Envelope xmlns:S=&quot;http://schemas.xmlsoap.org/soap/envelope/&quot; xmlns:SOAP-ENV=&quot;http://schemas.xmlsoap.org/soap/envelope/&quot;&gt;&lt;SOAP-ENV:Header/&gt;&lt;S:Body&gt;&lt;S:Fault xmlns:ns4=&quot;http://www.w3.org/2003/05/soap-envelope&quot;&gt;&lt;faultcode&gt;S:Server&lt;/faultcode&gt;&lt;faultstring&gt;java.nio.BufferUnderflowException&lt;/faultstring&gt;&lt;/S:Fault&gt;&lt;/S:Body&gt;&lt;/S:Envelope&gt;
</system-out>
  </testcase>
</testsuite>